<?xml version="1.0" encoding="UTF-8"?>
<!-- Generated by org.testng.reporters.JUnitXMLReporter -->
<testsuite ignored="0" hostname="Neereshwar-PC" failures="0" tests="5" name="Test" time="55.339" errors="0" timestamp="2024-03-04T10:28:34 IST">
  <testcase classname="testCases.TC_001_AccountRegistrationTest" name="verify_account_registration" time="1.485"/>
  <testcase classname="testCases.TC_002_LoginTest" name="Verify_login" time="1.057"/>
  <testcase classname="testCases.TC_004_SearchProductTest" name="verify_pruductSearch" time="0.693"/>
  <testcase classname="testCases.TC_005_AddToCartPageTest" name="verify_addToCart" time="1.965"/>
  <testcase classname="testCases.TC_006_EndToEndTest" name="endToendTest" time="36.314"/>
</testsuite> <!-- Test -->
