<?xml version="1.0" encoding="UTF-8"?>
<testng-results ignored="0" total="5" passed="5" failed="0" skipped="0">
  <reporter-output>
  </reporter-output>
  <suite started-at="2024-03-04T10:27:38 IST" name="Suite" finished-at="2024-03-04T10:28:33 IST" duration-ms="55339">
    <groups>
      <group name="regression">
        <method signature="TC_001_AccountRegistrationTest.verify_account_registration()[pri:0, instance:testCases.TC_001_AccountRegistrationTest@5c5eefef]" name="verify_account_registration" class="testCases.TC_001_AccountRegistrationTest"/>
      </group> <!-- regression -->
      <group name="sanity">
        <method signature="TC_002_LoginTest.Verify_login()[pri:0, instance:testCases.TC_002_LoginTest@79e2c065]" name="Verify_login" class="testCases.TC_002_LoginTest"/>
      </group> <!-- sanity -->
      <group name="master">
        <method signature="TC_001_AccountRegistrationTest.verify_account_registration()[pri:0, instance:testCases.TC_001_AccountRegistrationTest@5c5eefef]" name="verify_account_registration" class="testCases.TC_001_AccountRegistrationTest"/>
        <method signature="TC_002_LoginTest.Verify_login()[pri:0, instance:testCases.TC_002_LoginTest@79e2c065]" name="Verify_login" class="testCases.TC_002_LoginTest"/>
        <method signature="TC_004_SearchProductTest.verify_pruductSearch()[pri:0, instance:testCases.TC_004_SearchProductTest@3a93b025]" name="verify_pruductSearch" class="testCases.TC_004_SearchProductTest"/>
        <method signature="TC_005_AddToCartPageTest.verify_addToCart()[pri:0, instance:testCases.TC_005_AddToCartPageTest@35cabb2a]" name="verify_addToCart" class="testCases.TC_005_AddToCartPageTest"/>
        <method signature="TC_006_EndToEndTest.endToendTest()[pri:0, instance:testCases.TC_006_EndToEndTest@7e07db1f]" name="endToendTest" class="testCases.TC_006_EndToEndTest"/>
      </group> <!-- master -->
    </groups>
    <test started-at="2024-03-04T10:27:38 IST" name="Test" finished-at="2024-03-04T10:28:33 IST" duration-ms="55339">
      <class name="testCases.TC_001_AccountRegistrationTest">
        <test-method is-config="true" signature="setup(java.lang.String,java.lang.String)[pri:0, instance:testCases.TC_001_AccountRegistrationTest@5c5eefef]" started-at="2024-03-04T10:27:38 IST" name="setup" finished-at="2024-03-04T10:27:42 IST" duration-ms="3626" status="PASS">
          <params>
            <param index="0">
              <value>
                <![CDATA[windows]]>
              </value>
            </param>
            <param index="1">
              <value>
                <![CDATA[chrome]]>
              </value>
            </param>
          </params>
          <reporter-output>
          </reporter-output>
        </test-method> <!-- setup -->
        <test-method signature="verify_account_registration()[pri:0, instance:testCases.TC_001_AccountRegistrationTest@5c5eefef]" started-at="2024-03-04T10:27:42 IST" name="verify_account_registration" finished-at="2024-03-04T10:27:43 IST" duration-ms="1485" status="PASS">
          <reporter-output>
          </reporter-output>
        </test-method> <!-- verify_account_registration -->
        <test-method is-config="true" signature="tearDown()[pri:0, instance:testCases.TC_001_AccountRegistrationTest@5c5eefef]" started-at="2024-03-04T10:27:43 IST" name="tearDown" finished-at="2024-03-04T10:27:44 IST" duration-ms="113" status="PASS">
          <reporter-output>
          </reporter-output>
        </test-method> <!-- tearDown -->
      </class> <!-- testCases.TC_001_AccountRegistrationTest -->
      <class name="testCases.TC_002_LoginTest">
        <test-method is-config="true" signature="setup(java.lang.String,java.lang.String)[pri:0, instance:testCases.TC_002_LoginTest@79e2c065]" started-at="2024-03-04T10:27:44 IST" name="setup" finished-at="2024-03-04T10:27:46 IST" duration-ms="2337" status="PASS">
          <params>
            <param index="0">
              <value>
                <![CDATA[windows]]>
              </value>
            </param>
            <param index="1">
              <value>
                <![CDATA[chrome]]>
              </value>
            </param>
          </params>
          <reporter-output>
          </reporter-output>
        </test-method> <!-- setup -->
        <test-method signature="Verify_login()[pri:0, instance:testCases.TC_002_LoginTest@79e2c065]" started-at="2024-03-04T10:27:46 IST" name="Verify_login" finished-at="2024-03-04T10:27:47 IST" duration-ms="1057" status="PASS">
          <reporter-output>
          </reporter-output>
        </test-method> <!-- Verify_login -->
        <test-method is-config="true" signature="tearDown()[pri:0, instance:testCases.TC_002_LoginTest@79e2c065]" started-at="2024-03-04T10:27:47 IST" name="tearDown" finished-at="2024-03-04T10:27:47 IST" duration-ms="145" status="PASS">
          <reporter-output>
          </reporter-output>
        </test-method> <!-- tearDown -->
      </class> <!-- testCases.TC_002_LoginTest -->
      <class name="testCases.TC_005_AddToCartPageTest">
        <test-method is-config="true" signature="setup(java.lang.String,java.lang.String)[pri:0, instance:testCases.TC_005_AddToCartPageTest@35cabb2a]" started-at="2024-03-04T10:27:50 IST" name="setup" finished-at="2024-03-04T10:27:53 IST" duration-ms="2242" status="PASS">
          <params>
            <param index="0">
              <value>
                <![CDATA[windows]]>
              </value>
            </param>
            <param index="1">
              <value>
                <![CDATA[chrome]]>
              </value>
            </param>
          </params>
          <reporter-output>
          </reporter-output>
        </test-method> <!-- setup -->
        <test-method signature="verify_addToCart()[pri:0, instance:testCases.TC_005_AddToCartPageTest@35cabb2a]" started-at="2024-03-04T10:27:53 IST" name="verify_addToCart" finished-at="2024-03-04T10:27:54 IST" duration-ms="1965" status="PASS">
          <reporter-output>
          </reporter-output>
        </test-method> <!-- verify_addToCart -->
        <test-method is-config="true" signature="tearDown()[pri:0, instance:testCases.TC_005_AddToCartPageTest@35cabb2a]" started-at="2024-03-04T10:27:54 IST" name="tearDown" finished-at="2024-03-04T10:27:55 IST" duration-ms="132" status="PASS">
          <reporter-output>
          </reporter-output>
        </test-method> <!-- tearDown -->
      </class> <!-- testCases.TC_005_AddToCartPageTest -->
      <class name="testCases.TC_004_SearchProductTest">
        <test-method is-config="true" signature="setup(java.lang.String,java.lang.String)[pri:0, instance:testCases.TC_004_SearchProductTest@3a93b025]" started-at="2024-03-04T10:27:47 IST" name="setup" finished-at="2024-03-04T10:27:49 IST" duration-ms="2272" status="PASS">
          <params>
            <param index="0">
              <value>
                <![CDATA[windows]]>
              </value>
            </param>
            <param index="1">
              <value>
                <![CDATA[chrome]]>
              </value>
            </param>
          </params>
          <reporter-output>
          </reporter-output>
        </test-method> <!-- setup -->
        <test-method signature="verify_pruductSearch()[pri:0, instance:testCases.TC_004_SearchProductTest@3a93b025]" started-at="2024-03-04T10:27:49 IST" name="verify_pruductSearch" finished-at="2024-03-04T10:27:50 IST" duration-ms="693" status="PASS">
          <reporter-output>
          </reporter-output>
        </test-method> <!-- verify_pruductSearch -->
        <test-method is-config="true" signature="tearDown()[pri:0, instance:testCases.TC_004_SearchProductTest@3a93b025]" started-at="2024-03-04T10:27:50 IST" name="tearDown" finished-at="2024-03-04T10:27:50 IST" duration-ms="187" status="PASS">
          <reporter-output>
          </reporter-output>
        </test-method> <!-- tearDown -->
      </class> <!-- testCases.TC_004_SearchProductTest -->
      <class name="testCases.TC_006_EndToEndTest">
        <test-method is-config="true" signature="setup(java.lang.String,java.lang.String)[pri:0, instance:testCases.TC_006_EndToEndTest@7e07db1f]" started-at="2024-03-04T10:27:55 IST" name="setup" finished-at="2024-03-04T10:27:57 IST" duration-ms="2302" status="PASS">
          <params>
            <param index="0">
              <value>
                <![CDATA[windows]]>
              </value>
            </param>
            <param index="1">
              <value>
                <![CDATA[chrome]]>
              </value>
            </param>
          </params>
          <reporter-output>
          </reporter-output>
        </test-method> <!-- setup -->
        <test-method signature="endToendTest()[pri:0, instance:testCases.TC_006_EndToEndTest@7e07db1f]" started-at="2024-03-04T10:27:57 IST" name="endToendTest" finished-at="2024-03-04T10:28:33 IST" duration-ms="36314" status="PASS">
          <reporter-output>
          </reporter-output>
        </test-method> <!-- endToendTest -->
        <test-method is-config="true" signature="tearDown()[pri:0, instance:testCases.TC_006_EndToEndTest@7e07db1f]" started-at="2024-03-04T10:28:33 IST" name="tearDown" finished-at="2024-03-04T10:28:33 IST" duration-ms="161" status="PASS">
          <reporter-output>
          </reporter-output>
        </test-method> <!-- tearDown -->
      </class> <!-- testCases.TC_006_EndToEndTest -->
    </test> <!-- Test -->
  </suite> <!-- Suite -->
</testng-results>
